#-----------------------------------------------------------
# Vivado v2018.2 (64-bit)
# SW Build 2258646 on Thu Jun 14 20:03:12 MDT 2018
# IP Build 2256618 on Thu Jun 14 22:10:49 MDT 2018
# Start of session at: Tue Aug 29 13:10:18 2023
# Process ID: 10596
# Current directory: C:/Users/Jonathan/Downloads/Lab1_Fri_PM_KUEK YEAU HAO JONATHAN_457_Archive-1/lab_1
# Command line: vivado.exe -gui_launcher_event rodinguilauncherevent20736 C:\Users\Jonathan\Downloads\Lab1_Fri_PM_KUEK YEAU HAO JONATHAN_457_Archive-1\lab_1\lab_1.xpr
# Log file: C:/Users/Jonathan/Downloads/Lab1_Fri_PM_KUEK YEAU HAO JONATHAN_457_Archive-1/lab_1/vivado.log
# Journal file: C:/Users/Jonathan/Downloads/Lab1_Fri_PM_KUEK YEAU HAO JONATHAN_457_Archive-1/lab_1\vivado.jou
#-----------------------------------------------------------
start_gui
open_project {C:/Users/Jonathan/Downloads/Lab1_Fri_PM_KUEK YEAU HAO JONATHAN_457_Archive-1/lab_1/lab_1.xpr}
INFO: [ProjectBase 1-489] The host OS only allows 260 characters in a normal path. The project is stored in a path with more than 80 characters. If you experience issues with IP, Block Designs, or files not being found, please consider moving the project to a location with a shorter path. Alternately consider using the OS subst command to map part of the path to a drive letter.
Current project path is 'C:/Users/Jonathan/Downloads/Lab1_Fri_PM_KUEK YEAU HAO JONATHAN_457_Archive-1/lab_1'
INFO: [Project 1-313] Project file moved from 'C:/Users/Jonathan/Desktop/NUS Y1S2/EE2026/lab_1/.Xil/Vivado-8200-DESKTOP-LCE76TL/PrjAr/_X_' since last save.
Scanning sources...
Finished scanning sources
INFO: [IP_Flow 19-234] Refreshing IP repositories
INFO: [IP_Flow 19-1704] No user IP repositories specified
INFO: [IP_Flow 19-2313] Loaded Vivado IP repository 'C:/Xilinx/Vivado/2018.2/data/ip'.
open_project: Time (s): cpu = 00:00:20 ; elapsed = 00:00:09 . Memory (MB): peak = 834.703 ; gain = 103.766
update_compile_order -fileset sources_1
reset_run synth_1
launch_runs impl_1 -to_step write_bitstream -jobs 6
[Tue Aug 29 13:11:07 2023] Launched synth_1...
Run output will be captured here: C:/Users/Jonathan/Downloads/Lab1_Fri_PM_KUEK YEAU HAO JONATHAN_457_Archive-1/lab_1/lab_1.runs/synth_1/runme.log
[Tue Aug 29 13:11:07 2023] Launched impl_1...
Run output will be captured here: C:/Users/Jonathan/Downloads/Lab1_Fri_PM_KUEK YEAU HAO JONATHAN_457_Archive-1/lab_1/lab_1.runs/impl_1/runme.log
exit
INFO: [Common 17-206] Exiting Vivado at Tue Aug 29 13:14:33 2023...
