#-----------------------------------------------------------
# Vivado v2018.2 (64-bit)
# SW Build 2258646 on Thu Jun 14 20:03:12 MDT 2018
# IP Build 2256618 on Thu Jun 14 22:10:49 MDT 2018
# Start of session at: Tue Aug 29 13:06:07 2023
# Process ID: 8200
# Current directory: C:/Users/Jonathan/Desktop/NUS Y1S2/EE2026/lab_1
# Command line: vivado.exe -gui_launcher_event rodinguilauncherevent16432 C:\Users\Jonathan\Desktop\NUS Y1S2\EE2026\lab_1\lab_1.xpr
# Log file: C:/Users/Jonathan/Desktop/NUS Y1S2/EE2026/lab_1/vivado.log
# Journal file: C:/Users/Jonathan/Desktop/NUS Y1S2/EE2026/lab_1\vivado.jou
#-----------------------------------------------------------
start_gui
open_project {C:/Users/Jonathan/Desktop/NUS Y1S2/EE2026/lab_1/lab_1.xpr}
Scanning sources...
Finished scanning sources
INFO: [IP_Flow 19-234] Refreshing IP repositories
INFO: [IP_Flow 19-1704] No user IP repositories specified
INFO: [IP_Flow 19-2313] Loaded Vivado IP repository 'C:/Xilinx/Vivado/2018.2/data/ip'.
open_project: Time (s): cpu = 00:00:13 ; elapsed = 00:00:07 . Memory (MB): peak = 863.727 ; gain = 133.426
update_compile_order -fileset sources_1
archive_project {C:/Users/Jonathan/Desktop/NUS Y1S2/EE2026/lab_1.xpr.zip} -temp_dir {C:/Users/Jonathan/Desktop/NUS Y1S2/EE2026/lab_1/.Xil/Vivado-8200-DESKTOP-LCE76TL} -force -include_local_ip_cache -include_config_settings
INFO: [Coretcl 2-137] starting archive...
INFO: [Coretcl 2-1499] Saving project copy to temporary location 'C:/Users/Jonathan/Desktop/NUS Y1S2/EE2026/lab_1/.Xil/Vivado-8200-DESKTOP-LCE76TL' for archiving project
Scanning sources...
Finished scanning sources
INFO: [Coretcl 2-1211] Creating project copy for archival...
INFO: [ProjectBase 1-495] The host OS only allows 260 characters in a normal path. The project is stored in a path with more than 80 characters. If you experience any problem with archiving the project, please consider setting environment variable $TEMP to a shorter path.
Current project path is 'C:/Users/Jonathan/Desktop/NUS Y1S2/EE2026/lab_1/.Xil/Vivado-8200-DESKTOP-LCE76TL/PrjAr/_X_'.
INFO: [Coretcl 2-1213] Including run results for 'synth_1'
INFO: [Coretcl 2-1213] Including run results for 'impl_1'
